<?xml version="1.0" encoding="UTF-8"?>
<testsuite xmlns:xsi="http://www.w3.org/2001/XMLSchema-instance" xsi:noNamespaceSchemaLocation="https://maven.apache.org/surefire/maven-surefire-plugin/xsd/surefire-test-report.xsd" name="com.example.test.RedisTest" time="10.447" tests="2" errors="1" skipped="0" failures="0">
  <properties>
    <property name="gopherProxySet" value="false"/>
    <property name="awt.toolkit" value="sun.lwawt.macosx.LWCToolkit"/>
    <property name="file.encoding.pkg" value="sun.io"/>
    <property name="java.specification.version" value="1.8"/>
    <property name="sun.cpu.isalist" value=""/>
    <property name="sun.jnu.encoding" value="UTF-8"/>
    <property name="java.class.path" value="/Users/zhuchao/demo-projects/example-proj02/example-api/target/test-classes:/Users/zhuchao/demo-projects/example-proj02/example-api/target/classes:/Users/zhuchao/demo-projects/example-proj02/proj-service/target/proj-service-1.0-SNAPSHOT.jar:/Users/zhuchao/demo-projects/example-proj02/proj-common/target/proj-common-1.0-SNAPSHOT.jar:/Users/zhuchao/.m2/repository/org/apache/tomcat/embed/tomcat-embed-core/9.0.19/tomcat-embed-core-9.0.19.jar:/Users/zhuchao/.m2/repository/org/apache/tomcat/tomcat-annotations-api/9.0.19/tomcat-annotations-api-9.0.19.jar:/Users/zhuchao/demo-projects/example-proj02/proj-mapper/target/proj-mapper-1.0-SNAPSHOT.jar:/Users/zhuchao/demo-projects/example-proj02/proj-pojo/target/proj-pojo-1.0-SNAPSHOT.jar:/Users/zhuchao/.m2/repository/org/springframework/boot/spring-boot-starter-web/2.1.5.RELEASE/spring-boot-starter-web-2.1.5.RELEASE.jar:/Users/zhuchao/.m2/repository/org/springframework/boot/spring-boot-starter-json/2.1.5.RELEASE/spring-boot-starter-json-2.1.5.RELEASE.jar:/Users/zhuchao/.m2/repository/com/fasterxml/jackson/core/jackson-databind/2.9.8/jackson-databind-2.9.8.jar:/Users/zhuchao/.m2/repository/com/fasterxml/jackson/datatype/jackson-datatype-jdk8/2.9.8/jackson-datatype-jdk8-2.9.8.jar:/Users/zhuchao/.m2/repository/com/fasterxml/jackson/datatype/jackson-datatype-jsr310/2.9.8/jackson-datatype-jsr310-2.9.8.jar:/Users/zhuchao/.m2/repository/com/fasterxml/jackson/module/jackson-module-parameter-names/2.9.8/jackson-module-parameter-names-2.9.8.jar:/Users/zhuchao/.m2/repository/org/springframework/boot/spring-boot-starter-tomcat/2.1.5.RELEASE/spring-boot-starter-tomcat-2.1.5.RELEASE.jar:/Users/zhuchao/.m2/repository/org/apache/tomcat/embed/tomcat-embed-el/9.0.19/tomcat-embed-el-9.0.19.jar:/Users/zhuchao/.m2/repository/org/apache/tomcat/embed/tomcat-embed-websocket/9.0.19/tomcat-embed-websocket-9.0.19.jar:/Users/zhuchao/.m2/repository/org/hibernate/validator/hibernate-validator/6.0.16.Final/hibernate-validator-6.0.16.Final.jar:/Users/zhuchao/.m2/repository/javax/validation/validation-api/2.0.1.Final/validation-api-2.0.1.Final.jar:/Users/zhuchao/.m2/repository/org/jboss/logging/jboss-logging/3.3.2.Final/jboss-logging-3.3.2.Final.jar:/Users/zhuchao/.m2/repository/org/springframework/spring-web/5.1.7.RELEASE/spring-web-5.1.7.RELEASE.jar:/Users/zhuchao/.m2/repository/org/springframework/spring-beans/5.1.7.RELEASE/spring-beans-5.1.7.RELEASE.jar:/Users/zhuchao/.m2/repository/org/springframework/spring-webmvc/5.1.7.RELEASE/spring-webmvc-5.1.7.RELEASE.jar:/Users/zhuchao/.m2/repository/org/springframework/spring-expression/5.1.7.RELEASE/spring-expression-5.1.7.RELEASE.jar:/Users/zhuchao/.m2/repository/org/springframework/boot/spring-boot-starter/2.1.5.RELEASE/spring-boot-starter-2.1.5.RELEASE.jar:/Users/zhuchao/.m2/repository/org/springframework/boot/spring-boot/2.1.5.RELEASE/spring-boot-2.1.5.RELEASE.jar:/Users/zhuchao/.m2/repository/org/springframework/boot/spring-boot-autoconfigure/2.1.5.RELEASE/spring-boot-autoconfigure-2.1.5.RELEASE.jar:/Users/zhuchao/.m2/repository/javax/annotation/javax.annotation-api/1.3.2/javax.annotation-api-1.3.2.jar:/Users/zhuchao/.m2/repository/org/springframework/spring-core/5.1.7.RELEASE/spring-core-5.1.7.RELEASE.jar:/Users/zhuchao/.m2/repository/org/springframework/spring-jcl/5.1.7.RELEASE/spring-jcl-5.1.7.RELEASE.jar:/Users/zhuchao/.m2/repository/org/yaml/snakeyaml/1.23/snakeyaml-1.23.jar:/Users/zhuchao/.m2/repository/org/springframework/boot/spring-boot-starter-test/2.1.5.RELEASE/spring-boot-starter-test-2.1.5.RELEASE.jar:/Users/zhuchao/.m2/repository/org/springframework/boot/spring-boot-test/2.1.5.RELEASE/spring-boot-test-2.1.5.RELEASE.jar:/Users/zhuchao/.m2/repository/org/springframework/boot/spring-boot-test-autoconfigure/2.1.5.RELEASE/spring-boot-test-autoconfigure-2.1.5.RELEASE.jar:/Users/zhuchao/.m2/repository/com/jayway/jsonpath/json-path/2.4.0/json-path-2.4.0.jar:/Users/zhuchao/.m2/repository/net/minidev/json-smart/2.3/json-smart-2.3.jar:/Users/zhuchao/.m2/repository/net/minidev/accessors-smart/1.2/accessors-smart-1.2.jar:/Users/zhuchao/.m2/repository/org/ow2/asm/asm/5.0.4/asm-5.0.4.jar:/Users/zhuchao/.m2/repository/org/assertj/assertj-core/3.11.1/assertj-core-3.11.1.jar:/Users/zhuchao/.m2/repository/org/mockito/mockito-core/2.23.4/mockito-core-2.23.4.jar:/Users/zhuchao/.m2/repository/net/bytebuddy/byte-buddy/1.9.12/byte-buddy-1.9.12.jar:/Users/zhuchao/.m2/repository/net/bytebuddy/byte-buddy-agent/1.9.12/byte-buddy-agent-1.9.12.jar:/Users/zhuchao/.m2/repository/org/objenesis/objenesis/2.6/objenesis-2.6.jar:/Users/zhuchao/.m2/repository/org/hamcrest/hamcrest-core/1.3/hamcrest-core-1.3.jar:/Users/zhuchao/.m2/repository/org/hamcrest/hamcrest-library/1.3/hamcrest-library-1.3.jar:/Users/zhuchao/.m2/repository/org/skyscreamer/jsonassert/1.5.0/jsonassert-1.5.0.jar:/Users/zhuchao/.m2/repository/com/vaadin/external/google/android-json/0.0.20131108.vaadin1/android-json-0.0.20131108.vaadin1.jar:/Users/zhuchao/.m2/repository/org/springframework/spring-test/5.1.7.RELEASE/spring-test-5.1.7.RELEASE.jar:/Users/zhuchao/.m2/repository/org/xmlunit/xmlunit-core/2.6.2/xmlunit-core-2.6.2.jar:/Users/zhuchao/.m2/repository/junit/junit/4.12/junit-4.12.jar:/Users/zhuchao/.m2/repository/org/springframework/boot/spring-boot-starter-aop/2.1.5.RELEASE/spring-boot-starter-aop-2.1.5.RELEASE.jar:/Users/zhuchao/.m2/repository/org/springframework/spring-aop/5.1.7.RELEASE/spring-aop-5.1.7.RELEASE.jar:/Users/zhuchao/.m2/repository/org/aspectj/aspectjweaver/1.9.4/aspectjweaver-1.9.4.jar:/Users/zhuchao/.m2/repository/org/slf4j/slf4j-api/1.7.21/slf4j-api-1.7.21.jar:/Users/zhuchao/.m2/repository/org/slf4j/slf4j-log4j12/1.7.21/slf4j-log4j12-1.7.21.jar:/Users/zhuchao/.m2/repository/log4j/log4j/1.2.17/log4j-1.2.17.jar:/Users/zhuchao/.m2/repository/io/springfox/springfox-swagger2/2.4.0/springfox-swagger2-2.4.0.jar:/Users/zhuchao/.m2/repository/io/swagger/swagger-annotations/1.5.6/swagger-annotations-1.5.6.jar:/Users/zhuchao/.m2/repository/io/swagger/swagger-models/1.5.6/swagger-models-1.5.6.jar:/Users/zhuchao/.m2/repository/com/fasterxml/jackson/core/jackson-annotations/2.9.0/jackson-annotations-2.9.0.jar:/Users/zhuchao/.m2/repository/io/springfox/springfox-spi/2.4.0/springfox-spi-2.4.0.jar:/Users/zhuchao/.m2/repository/io/springfox/springfox-core/2.4.0/springfox-core-2.4.0.jar:/Users/zhuchao/.m2/repository/io/springfox/springfox-schema/2.4.0/springfox-schema-2.4.0.jar:/Users/zhuchao/.m2/repository/io/springfox/springfox-swagger-common/2.4.0/springfox-swagger-common-2.4.0.jar:/Users/zhuchao/.m2/repository/io/springfox/springfox-spring-web/2.4.0/springfox-spring-web-2.4.0.jar:/Users/zhuchao/.m2/repository/com/google/guava/guava/18.0/guava-18.0.jar:/Users/zhuchao/.m2/repository/com/fasterxml/classmate/1.4.0/classmate-1.4.0.jar:/Users/zhuchao/.m2/repository/org/springframework/plugin/spring-plugin-core/1.2.0.RELEASE/spring-plugin-core-1.2.0.RELEASE.jar:/Users/zhuchao/.m2/repository/org/springframework/plugin/spring-plugin-metadata/1.2.0.RELEASE/spring-plugin-metadata-1.2.0.RELEASE.jar:/Users/zhuchao/.m2/repository/io/springfox/springfox-swagger-ui/2.4.0/springfox-swagger-ui-2.4.0.jar:/Users/zhuchao/.m2/repository/com/github/xiaoymin/swagger-bootstrap-ui/1.6/swagger-bootstrap-ui-1.6.jar:/Users/zhuchao/.m2/repository/com/github/pagehelper/pagehelper-spring-boot-starter/1.2.12/pagehelper-spring-boot-starter-1.2.12.jar:/Users/zhuchao/.m2/repository/com/github/pagehelper/pagehelper-spring-boot-autoconfigure/1.2.12/pagehelper-spring-boot-autoconfigure-1.2.12.jar:/Users/zhuchao/.m2/repository/com/github/pagehelper/pagehelper/5.1.10/pagehelper-5.1.10.jar:/Users/zhuchao/.m2/repository/com/github/jsqlparser/jsqlparser/2.0/jsqlparser-2.0.jar:/Users/zhuchao/.m2/repository/mysql/mysql-connector-java/8.0.16/mysql-connector-java-8.0.16.jar:/Users/zhuchao/.m2/repository/org/mybatis/spring/boot/mybatis-spring-boot-starter/2.2.1/mybatis-spring-boot-starter-2.2.1.jar:/Users/zhuchao/.m2/repository/org/springframework/boot/spring-boot-starter-jdbc/2.1.5.RELEASE/spring-boot-starter-jdbc-2.1.5.RELEASE.jar:/Users/zhuchao/.m2/repository/com/zaxxer/HikariCP/3.2.0/HikariCP-3.2.0.jar:/Users/zhuchao/.m2/repository/org/springframework/spring-jdbc/5.1.7.RELEASE/spring-jdbc-5.1.7.RELEASE.jar:/Users/zhuchao/.m2/repository/org/mybatis/spring/boot/mybatis-spring-boot-autoconfigure/2.2.1/mybatis-spring-boot-autoconfigure-2.2.1.jar:/Users/zhuchao/.m2/repository/org/mybatis/mybatis/3.5.9/mybatis-3.5.9.jar:/Users/zhuchao/.m2/repository/org/mybatis/mybatis-spring/2.0.6/mybatis-spring-2.0.6.jar:/Users/zhuchao/.m2/repository/javax/persistence/persistence-api/1.0.2/persistence-api-1.0.2.jar:/Users/zhuchao/.m2/repository/tk/mybatis/mapper-spring-boot-starter/2.1.5/mapper-spring-boot-starter-2.1.5.jar:/Users/zhuchao/.m2/repository/tk/mybatis/mapper-core/1.1.5/mapper-core-1.1.5.jar:/Users/zhuchao/.m2/repository/tk/mybatis/mapper-base/1.1.5/mapper-base-1.1.5.jar:/Users/zhuchao/.m2/repository/tk/mybatis/mapper-weekend/1.1.5/mapper-weekend-1.1.5.jar:/Users/zhuchao/.m2/repository/tk/mybatis/mapper-spring/1.1.5/mapper-spring-1.1.5.jar:/Users/zhuchao/.m2/repository/tk/mybatis/mapper-extra/1.1.5/mapper-extra-1.1.5.jar:/Users/zhuchao/.m2/repository/tk/mybatis/mapper-spring-boot-autoconfigure/2.1.5/mapper-spring-boot-autoconfigure-2.1.5.jar:/Users/zhuchao/.m2/repository/org/springframework/boot/spring-boot-starter-data-redis/2.1.5.RELEASE/spring-boot-starter-data-redis-2.1.5.RELEASE.jar:/Users/zhuchao/.m2/repository/org/springframework/data/spring-data-redis/2.1.8.RELEASE/spring-data-redis-2.1.8.RELEASE.jar:/Users/zhuchao/.m2/repository/org/springframework/data/spring-data-keyvalue/2.1.8.RELEASE/spring-data-keyvalue-2.1.8.RELEASE.jar:/Users/zhuchao/.m2/repository/org/springframework/spring-oxm/5.1.7.RELEASE/spring-oxm-5.1.7.RELEASE.jar:/Users/zhuchao/.m2/repository/org/springframework/spring-context-support/5.1.7.RELEASE/spring-context-support-5.1.7.RELEASE.jar:/Users/zhuchao/.m2/repository/org/apache/shardingsphere/sharding-jdbc-spring-boot-starter/4.0.0/sharding-jdbc-spring-boot-starter-4.0.0.jar:/Users/zhuchao/.m2/repository/org/apache/shardingsphere/sharding-spring-boot-util/4.0.0/sharding-spring-boot-util-4.0.0.jar:/Users/zhuchao/.m2/repository/org/apache/shardingsphere/sharding-jdbc-core/4.0.0/sharding-jdbc-core-4.0.0.jar:/Users/zhuchao/.m2/repository/org/apache/shardingsphere/sharding-core-entry/4.0.0/sharding-core-entry-4.0.0.jar:/Users/zhuchao/.m2/repository/org/apache/shardingsphere/shardingsphere-sql-parser-sql92/4.0.0/shardingsphere-sql-parser-sql92-4.0.0.jar:/Users/zhuchao/.m2/repository/org/apache/shardingsphere/shardingsphere-sql-parser-mysql/4.0.0/shardingsphere-sql-parser-mysql-4.0.0.jar:/Users/zhuchao/.m2/repository/org/apache/shardingsphere/shardingsphere-sql-parser-postgresql/4.0.0/shardingsphere-sql-parser-postgresql-4.0.0.jar:/Users/zhuchao/.m2/repository/org/apache/shardingsphere/shardingsphere-sql-parser-oracle/4.0.0/shardingsphere-sql-parser-oracle-4.0.0.jar:/Users/zhuchao/.m2/repository/org/apache/shardingsphere/shardingsphere-sql-parser-sqlserver/4.0.0/shardingsphere-sql-parser-sqlserver-4.0.0.jar:/Users/zhuchao/.m2/repository/org/apache/shardingsphere/sharding-core-route/4.0.0/sharding-core-route-4.0.0.jar:/Users/zhuchao/.m2/repository/org/apache/shardingsphere/sharding-core-rewrite/4.0.0/sharding-core-rewrite-4.0.0.jar:/Users/zhuchao/.m2/repository/org/apache/shardingsphere/shardingsphere-rewrite-engine/4.0.0/shardingsphere-rewrite-engine-4.0.0.jar:/Users/zhuchao/.m2/repository/org/apache/shardingsphere/encrypt-core-rewrite/4.0.0/encrypt-core-rewrite-4.0.0.jar:/Users/zhuchao/.m2/repository/org/apache/shardingsphere/sharding-core-execute/4.0.0/sharding-core-execute-4.0.0.jar:/Users/zhuchao/.m2/repository/org/apache/shardingsphere/shardingsphere-execute/4.0.0/shardingsphere-execute-4.0.0.jar:/Users/zhuchao/.m2/repository/org/apache/shardingsphere/sharding-core-merge/4.0.0/sharding-core-merge-4.0.0.jar:/Users/zhuchao/.m2/repository/org/apache/shardingsphere/shardingsphere-merge/4.0.0/shardingsphere-merge-4.0.0.jar:/Users/zhuchao/.m2/repository/org/apache/shardingsphere/encrypt-core-merge/4.0.0/encrypt-core-merge-4.0.0.jar:/Users/zhuchao/.m2/repository/org/apache/shardingsphere/sharding-transaction-core/4.0.0/sharding-transaction-core-4.0.0.jar:/Users/zhuchao/.m2/repository/org/slf4j/jcl-over-slf4j/1.7.26/jcl-over-slf4j-1.7.26.jar:/Users/zhuchao/.m2/repository/org/apache/shardingsphere/sharding-core-common/4.0.0/sharding-core-common-4.0.0.jar:/Users/zhuchao/.m2/repository/org/apache/shardingsphere/shardingsphere-spi/4.0.0/shardingsphere-spi-4.0.0.jar:/Users/zhuchao/.m2/repository/org/apache/shardingsphere/shardingsphere-sql-parser-relation/4.0.0/shardingsphere-sql-parser-relation-4.0.0.jar:/Users/zhuchao/.m2/repository/org/apache/shardingsphere/shardingsphere-sql-parser-engine/4.0.0/shardingsphere-sql-parser-engine-4.0.0.jar:/Users/zhuchao/.m2/repository/org/apache/shardingsphere/shardingsphere-sql-parser-spi/4.0.0/shardingsphere-sql-parser-spi-4.0.0.jar:/Users/zhuchao/.m2/repository/org/antlr/antlr4-runtime/4.7.2/antlr4-runtime-4.7.2.jar:/Users/zhuchao/.m2/repository/org/apache/shardingsphere/sharding-core-api/4.0.0/sharding-core-api-4.0.0.jar:/Users/zhuchao/.m2/repository/org/codehaus/groovy/groovy/2.4.5/groovy-2.4.5-indy.jar:/Users/zhuchao/.m2/repository/commons-codec/commons-codec/1.11/commons-codec-1.11.jar:/Users/zhuchao/.m2/repository/org/springframework/kafka/spring-kafka/2.2.6.RELEASE/spring-kafka-2.2.6.RELEASE.jar:/Users/zhuchao/.m2/repository/org/springframework/spring-context/5.1.7.RELEASE/spring-context-5.1.7.RELEASE.jar:/Users/zhuchao/.m2/repository/org/springframework/spring-messaging/5.1.7.RELEASE/spring-messaging-5.1.7.RELEASE.jar:/Users/zhuchao/.m2/repository/org/springframework/spring-tx/5.1.7.RELEASE/spring-tx-5.1.7.RELEASE.jar:/Users/zhuchao/.m2/repository/org/springframework/retry/spring-retry/1.2.4.RELEASE/spring-retry-1.2.4.RELEASE.jar:/Users/zhuchao/.m2/repository/org/apache/kafka/kafka-clients/2.0.1/kafka-clients-2.0.1.jar:/Users/zhuchao/.m2/repository/org/lz4/lz4-java/1.4.1/lz4-java-1.4.1.jar:/Users/zhuchao/.m2/repository/org/xerial/snappy/snappy-java/1.1.7.1/snappy-java-1.1.7.1.jar:/Users/zhuchao/.m2/repository/com/google/code/gson/gson/2.8.5/gson-2.8.5.jar:/Users/zhuchao/.m2/repository/org/projectlombok/lombok/1.18.22/lombok-1.18.22.jar:/Users/zhuchao/.m2/repository/org/springframework/boot/spring-boot-starter-data-elasticsearch/2.1.5.RELEASE/spring-boot-starter-data-elasticsearch-2.1.5.RELEASE.jar:/Users/zhuchao/.m2/repository/org/springframework/data/spring-data-elasticsearch/3.1.8.RELEASE/spring-data-elasticsearch-3.1.8.RELEASE.jar:/Users/zhuchao/.m2/repository/org/springframework/data/spring-data-commons/2.1.8.RELEASE/spring-data-commons-2.1.8.RELEASE.jar:/Users/zhuchao/.m2/repository/joda-time/joda-time/2.10.2/joda-time-2.10.2.jar:/Users/zhuchao/.m2/repository/org/elasticsearch/client/transport/6.4.3/transport-6.4.3.jar:/Users/zhuchao/.m2/repository/org/elasticsearch/elasticsearch/6.4.3/elasticsearch-6.4.3.jar:/Users/zhuchao/.m2/repository/org/elasticsearch/elasticsearch-core/6.4.3/elasticsearch-core-6.4.3.jar:/Users/zhuchao/.m2/repository/org/elasticsearch/elasticsearch-secure-sm/6.4.3/elasticsearch-secure-sm-6.4.3.jar:/Users/zhuchao/.m2/repository/org/elasticsearch/elasticsearch-x-content/6.4.3/elasticsearch-x-content-6.4.3.jar:/Users/zhuchao/.m2/repository/com/fasterxml/jackson/dataformat/jackson-dataformat-smile/2.9.8/jackson-dataformat-smile-2.9.8.jar:/Users/zhuchao/.m2/repository/com/fasterxml/jackson/dataformat/jackson-dataformat-yaml/2.9.8/jackson-dataformat-yaml-2.9.8.jar:/Users/zhuchao/.m2/repository/com/fasterxml/jackson/dataformat/jackson-dataformat-cbor/2.9.8/jackson-dataformat-cbor-2.9.8.jar:/Users/zhuchao/.m2/repository/org/apache/lucene/lucene-core/7.4.0/lucene-core-7.4.0.jar:/Users/zhuchao/.m2/repository/org/apache/lucene/lucene-analyzers-common/7.4.0/lucene-analyzers-common-7.4.0.jar:/Users/zhuchao/.m2/repository/org/apache/lucene/lucene-backward-codecs/7.4.0/lucene-backward-codecs-7.4.0.jar:/Users/zhuchao/.m2/repository/org/apache/lucene/lucene-grouping/7.4.0/lucene-grouping-7.4.0.jar:/Users/zhuchao/.m2/repository/org/apache/lucene/lucene-highlighter/7.4.0/lucene-highlighter-7.4.0.jar:/Users/zhuchao/.m2/repository/org/apache/lucene/lucene-join/7.4.0/lucene-join-7.4.0.jar:/Users/zhuchao/.m2/repository/org/apache/lucene/lucene-memory/7.4.0/lucene-memory-7.4.0.jar:/Users/zhuchao/.m2/repository/org/apache/lucene/lucene-misc/7.4.0/lucene-misc-7.4.0.jar:/Users/zhuchao/.m2/repository/org/apache/lucene/lucene-queries/7.4.0/lucene-queries-7.4.0.jar:/Users/zhuchao/.m2/repository/org/apache/lucene/lucene-queryparser/7.4.0/lucene-queryparser-7.4.0.jar:/Users/zhuchao/.m2/repository/org/apache/lucene/lucene-sandbox/7.4.0/lucene-sandbox-7.4.0.jar:/Users/zhuchao/.m2/repository/org/apache/lucene/lucene-spatial/7.4.0/lucene-spatial-7.4.0.jar:/Users/zhuchao/.m2/repository/org/apache/lucene/lucene-spatial-extras/7.4.0/lucene-spatial-extras-7.4.0.jar:/Users/zhuchao/.m2/repository/org/apache/lucene/lucene-spatial3d/7.4.0/lucene-spatial3d-7.4.0.jar:/Users/zhuchao/.m2/repository/org/apache/lucene/lucene-suggest/7.4.0/lucene-suggest-7.4.0.jar:/Users/zhuchao/.m2/repository/org/elasticsearch/elasticsearch-cli/6.4.3/elasticsearch-cli-6.4.3.jar:/Users/zhuchao/.m2/repository/net/sf/jopt-simple/jopt-simple/5.0.2/jopt-simple-5.0.2.jar:/Users/zhuchao/.m2/repository/com/carrotsearch/hppc/0.7.1/hppc-0.7.1.jar:/Users/zhuchao/.m2/repository/com/tdunning/t-digest/3.2/t-digest-3.2.jar:/Users/zhuchao/.m2/repository/org/hdrhistogram/HdrHistogram/2.1.9/HdrHistogram-2.1.9.jar:/Users/zhuchao/.m2/repository/org/apache/logging/log4j/log4j-api/2.11.2/log4j-api-2.11.2.jar:/Users/zhuchao/.m2/repository/org/elasticsearch/jna/4.5.1/jna-4.5.1.jar:/Users/zhuchao/.m2/repository/org/elasticsearch/plugin/reindex-client/6.4.3/reindex-client-6.4.3.jar:/Users/zhuchao/.m2/repository/org/elasticsearch/client/elasticsearch-rest-client/6.4.3/elasticsearch-rest-client-6.4.3.jar:/Users/zhuchao/.m2/repository/org/apache/httpcomponents/httpclient/4.5.8/httpclient-4.5.8.jar:/Users/zhuchao/.m2/repository/org/apache/httpcomponents/httpcore/4.4.11/httpcore-4.4.11.jar:/Users/zhuchao/.m2/repository/org/apache/httpcomponents/httpasyncclient/4.1.4/httpasyncclient-4.1.4.jar:/Users/zhuchao/.m2/repository/org/apache/httpcomponents/httpcore-nio/4.4.11/httpcore-nio-4.4.11.jar:/Users/zhuchao/.m2/repository/org/elasticsearch/plugin/lang-mustache-client/6.4.3/lang-mustache-client-6.4.3.jar:/Users/zhuchao/.m2/repository/com/github/spullara/mustache/java/compiler/0.9.3/compiler-0.9.3.jar:/Users/zhuchao/.m2/repository/org/elasticsearch/plugin/percolator-client/6.4.3/percolator-client-6.4.3.jar:/Users/zhuchao/.m2/repository/org/elasticsearch/plugin/parent-join-client/6.4.3/parent-join-client-6.4.3.jar:/Users/zhuchao/.m2/repository/org/elasticsearch/plugin/rank-eval-client/6.4.3/rank-eval-client-6.4.3.jar:/Users/zhuchao/.m2/repository/com/fasterxml/jackson/core/jackson-core/2.9.8/jackson-core-2.9.8.jar:/Users/zhuchao/.m2/repository/org/elasticsearch/plugin/transport-netty4-client/6.4.3/transport-netty4-client-6.4.3.jar:/Users/zhuchao/.m2/repository/io/netty/netty-buffer/4.1.36.Final/netty-buffer-4.1.36.Final.jar:/Users/zhuchao/.m2/repository/io/netty/netty-codec/4.1.36.Final/netty-codec-4.1.36.Final.jar:/Users/zhuchao/.m2/repository/io/netty/netty-codec-http/4.1.36.Final/netty-codec-http-4.1.36.Final.jar:/Users/zhuchao/.m2/repository/io/netty/netty-common/4.1.36.Final/netty-common-4.1.36.Final.jar:/Users/zhuchao/.m2/repository/io/netty/netty-handler/4.1.36.Final/netty-handler-4.1.36.Final.jar:/Users/zhuchao/.m2/repository/io/netty/netty-resolver/4.1.36.Final/netty-resolver-4.1.36.Final.jar:/Users/zhuchao/.m2/repository/io/netty/netty-transport/4.1.36.Final/netty-transport-4.1.36.Final.jar:/Users/zhuchao/.m2/repository/com/ctrip/framework/apollo/apollo-client/1.3.0/apollo-client-1.3.0.jar:/Users/zhuchao/.m2/repository/com/ctrip/framework/apollo/apollo-core/1.3.0/apollo-core-1.3.0.jar:/Users/zhuchao/.m2/repository/com/google/inject/guice/4.1.0/guice-4.1.0.jar:/Users/zhuchao/.m2/repository/javax/inject/javax.inject/1/javax.inject-1.jar:/Users/zhuchao/.m2/repository/aopalliance/aopalliance/1.0/aopalliance-1.0.jar:/Users/zhuchao/.m2/repository/org/apache/rocketmq/rocketmq-client/4.3.0/rocketmq-client-4.3.0.jar:/Users/zhuchao/.m2/repository/org/apache/rocketmq/rocketmq-common/4.3.0/rocketmq-common-4.3.0.jar:/Users/zhuchao/.m2/repository/org/apache/rocketmq/rocketmq-remoting/4.3.0/rocketmq-remoting-4.3.0.jar:/Users/zhuchao/.m2/repository/com/alibaba/fastjson/1.2.29/fastjson-1.2.29.jar:/Users/zhuchao/.m2/repository/org/apache/rocketmq/rocketmq-logging/4.3.0/rocketmq-logging-4.3.0.jar:/Users/zhuchao/.m2/repository/io/netty/netty-tcnative-boringssl-static/2.0.25.Final/netty-tcnative-boringssl-static-2.0.25.Final.jar:/Users/zhuchao/.m2/repository/org/apache/commons/commons-lang3/3.8.1/commons-lang3-3.8.1.jar:/Users/zhuchao/.m2/repository/com/xuxueli/xxl-job-core/2.3.1-SNAPSHOT/xxl-job-core-2.3.1-SNAPSHOT.jar:/Users/zhuchao/.m2/repository/io/netty/netty-all/4.1.36.Final/netty-all-4.1.36.Final.jar:/Users/zhuchao/.m2/repository/org/codehaus/groovy/groovy/2.5.7/groovy-2.5.7.jar:/Users/zhuchao/.m2/repository/org/apache/poi/poi/3.16/poi-3.16.jar:/Users/zhuchao/.m2/repository/org/apache/commons/commons-collections4/4.1/commons-collections4-4.1.jar:/Users/zhuchao/.m2/repository/org/apache/poi/poi-ooxml/3.16/poi-ooxml-3.16.jar:/Users/zhuchao/.m2/repository/org/apache/poi/poi-ooxml-schemas/3.16/poi-ooxml-schemas-3.16.jar:/Users/zhuchao/.m2/repository/org/apache/xmlbeans/xmlbeans/2.6.0/xmlbeans-2.6.0.jar:/Users/zhuchao/.m2/repository/stax/stax-api/1.0.1/stax-api-1.0.1.jar:/Users/zhuchao/.m2/repository/com/github/virtuald/curvesapi/1.04/curvesapi-1.04.jar:/Users/zhuchao/.m2/repository/io/github/openfeign/feign-jaxb/11.8/feign-jaxb-11.8.jar:/Users/zhuchao/.m2/repository/io/github/openfeign/feign-core/11.8/feign-core-11.8.jar:/Users/zhuchao/.m2/repository/com/belerweb/pinyin4j/2.5.1/pinyin4j-2.5.1.jar:/Users/zhuchao/.m2/repository/redis/clients/jedis/2.9.3/jedis-2.9.3.jar:/Users/zhuchao/.m2/repository/org/apache/commons/commons-pool2/2.6.2/commons-pool2-2.6.2.jar:"/>
    <property name="java.vm.vendor" value="Oracle Corporation"/>
    <property name="sun.arch.data.model" value="64"/>
    <property name="java.vendor.url" value="http://java.oracle.com/"/>
    <property name="user.timezone" value=""/>
    <property name="java.vm.specification.version" value="1.8"/>
    <property name="os.name" value="Mac OS X"/>
    <property name="user.country" value="CN"/>
    <property name="sun.java.launcher" value="SUN_STANDARD"/>
    <property name="sun.boot.library.path" value="/Library/Java/JavaVirtualMachines/jdk1.8.0_181.jdk/Contents/Home/jre/lib"/>
    <property name="sun.java.command" value="/Users/zhuchao/demo-projects/example-proj02/example-api/target/surefire/surefirebooter7526459413199830809.jar /Users/zhuchao/demo-projects/example-proj02/example-api/target/surefire 2022-02-06T21-37-39_576-jvmRun1 surefire950499262269561680tmp surefire_04593595978941876190tmp"/>
    <property name="surefire.test.class.path" value="/Users/zhuchao/demo-projects/example-proj02/example-api/target/test-classes:/Users/zhuchao/demo-projects/example-proj02/example-api/target/classes:/Users/zhuchao/demo-projects/example-proj02/proj-service/target/proj-service-1.0-SNAPSHOT.jar:/Users/zhuchao/demo-projects/example-proj02/proj-common/target/proj-common-1.0-SNAPSHOT.jar:/Users/zhuchao/.m2/repository/org/apache/tomcat/embed/tomcat-embed-core/9.0.19/tomcat-embed-core-9.0.19.jar:/Users/zhuchao/.m2/repository/org/apache/tomcat/tomcat-annotations-api/9.0.19/tomcat-annotations-api-9.0.19.jar:/Users/zhuchao/demo-projects/example-proj02/proj-mapper/target/proj-mapper-1.0-SNAPSHOT.jar:/Users/zhuchao/demo-projects/example-proj02/proj-pojo/target/proj-pojo-1.0-SNAPSHOT.jar:/Users/zhuchao/.m2/repository/org/springframework/boot/spring-boot-starter-web/2.1.5.RELEASE/spring-boot-starter-web-2.1.5.RELEASE.jar:/Users/zhuchao/.m2/repository/org/springframework/boot/spring-boot-starter-json/2.1.5.RELEASE/spring-boot-starter-json-2.1.5.RELEASE.jar:/Users/zhuchao/.m2/repository/com/fasterxml/jackson/core/jackson-databind/2.9.8/jackson-databind-2.9.8.jar:/Users/zhuchao/.m2/repository/com/fasterxml/jackson/datatype/jackson-datatype-jdk8/2.9.8/jackson-datatype-jdk8-2.9.8.jar:/Users/zhuchao/.m2/repository/com/fasterxml/jackson/datatype/jackson-datatype-jsr310/2.9.8/jackson-datatype-jsr310-2.9.8.jar:/Users/zhuchao/.m2/repository/com/fasterxml/jackson/module/jackson-module-parameter-names/2.9.8/jackson-module-parameter-names-2.9.8.jar:/Users/zhuchao/.m2/repository/org/springframework/boot/spring-boot-starter-tomcat/2.1.5.RELEASE/spring-boot-starter-tomcat-2.1.5.RELEASE.jar:/Users/zhuchao/.m2/repository/org/apache/tomcat/embed/tomcat-embed-el/9.0.19/tomcat-embed-el-9.0.19.jar:/Users/zhuchao/.m2/repository/org/apache/tomcat/embed/tomcat-embed-websocket/9.0.19/tomcat-embed-websocket-9.0.19.jar:/Users/zhuchao/.m2/repository/org/hibernate/validator/hibernate-validator/6.0.16.Final/hibernate-validator-6.0.16.Final.jar:/Users/zhuchao/.m2/repository/javax/validation/validation-api/2.0.1.Final/validation-api-2.0.1.Final.jar:/Users/zhuchao/.m2/repository/org/jboss/logging/jboss-logging/3.3.2.Final/jboss-logging-3.3.2.Final.jar:/Users/zhuchao/.m2/repository/org/springframework/spring-web/5.1.7.RELEASE/spring-web-5.1.7.RELEASE.jar:/Users/zhuchao/.m2/repository/org/springframework/spring-beans/5.1.7.RELEASE/spring-beans-5.1.7.RELEASE.jar:/Users/zhuchao/.m2/repository/org/springframework/spring-webmvc/5.1.7.RELEASE/spring-webmvc-5.1.7.RELEASE.jar:/Users/zhuchao/.m2/repository/org/springframework/spring-expression/5.1.7.RELEASE/spring-expression-5.1.7.RELEASE.jar:/Users/zhuchao/.m2/repository/org/springframework/boot/spring-boot-starter/2.1.5.RELEASE/spring-boot-starter-2.1.5.RELEASE.jar:/Users/zhuchao/.m2/repository/org/springframework/boot/spring-boot/2.1.5.RELEASE/spring-boot-2.1.5.RELEASE.jar:/Users/zhuchao/.m2/repository/org/springframework/boot/spring-boot-autoconfigure/2.1.5.RELEASE/spring-boot-autoconfigure-2.1.5.RELEASE.jar:/Users/zhuchao/.m2/repository/javax/annotation/javax.annotation-api/1.3.2/javax.annotation-api-1.3.2.jar:/Users/zhuchao/.m2/repository/org/springframework/spring-core/5.1.7.RELEASE/spring-core-5.1.7.RELEASE.jar:/Users/zhuchao/.m2/repository/org/springframework/spring-jcl/5.1.7.RELEASE/spring-jcl-5.1.7.RELEASE.jar:/Users/zhuchao/.m2/repository/org/yaml/snakeyaml/1.23/snakeyaml-1.23.jar:/Users/zhuchao/.m2/repository/org/springframework/boot/spring-boot-starter-test/2.1.5.RELEASE/spring-boot-starter-test-2.1.5.RELEASE.jar:/Users/zhuchao/.m2/repository/org/springframework/boot/spring-boot-test/2.1.5.RELEASE/spring-boot-test-2.1.5.RELEASE.jar:/Users/zhuchao/.m2/repository/org/springframework/boot/spring-boot-test-autoconfigure/2.1.5.RELEASE/spring-boot-test-autoconfigure-2.1.5.RELEASE.jar:/Users/zhuchao/.m2/repository/com/jayway/jsonpath/json-path/2.4.0/json-path-2.4.0.jar:/Users/zhuchao/.m2/repository/net/minidev/json-smart/2.3/json-smart-2.3.jar:/Users/zhuchao/.m2/repository/net/minidev/accessors-smart/1.2/accessors-smart-1.2.jar:/Users/zhuchao/.m2/repository/org/ow2/asm/asm/5.0.4/asm-5.0.4.jar:/Users/zhuchao/.m2/repository/org/assertj/assertj-core/3.11.1/assertj-core-3.11.1.jar:/Users/zhuchao/.m2/repository/org/mockito/mockito-core/2.23.4/mockito-core-2.23.4.jar:/Users/zhuchao/.m2/repository/net/bytebuddy/byte-buddy/1.9.12/byte-buddy-1.9.12.jar:/Users/zhuchao/.m2/repository/net/bytebuddy/byte-buddy-agent/1.9.12/byte-buddy-agent-1.9.12.jar:/Users/zhuchao/.m2/repository/org/objenesis/objenesis/2.6/objenesis-2.6.jar:/Users/zhuchao/.m2/repository/org/hamcrest/hamcrest-core/1.3/hamcrest-core-1.3.jar:/Users/zhuchao/.m2/repository/org/hamcrest/hamcrest-library/1.3/hamcrest-library-1.3.jar:/Users/zhuchao/.m2/repository/org/skyscreamer/jsonassert/1.5.0/jsonassert-1.5.0.jar:/Users/zhuchao/.m2/repository/com/vaadin/external/google/android-json/0.0.20131108.vaadin1/android-json-0.0.20131108.vaadin1.jar:/Users/zhuchao/.m2/repository/org/springframework/spring-test/5.1.7.RELEASE/spring-test-5.1.7.RELEASE.jar:/Users/zhuchao/.m2/repository/org/xmlunit/xmlunit-core/2.6.2/xmlunit-core-2.6.2.jar:/Users/zhuchao/.m2/repository/junit/junit/4.12/junit-4.12.jar:/Users/zhuchao/.m2/repository/org/springframework/boot/spring-boot-starter-aop/2.1.5.RELEASE/spring-boot-starter-aop-2.1.5.RELEASE.jar:/Users/zhuchao/.m2/repository/org/springframework/spring-aop/5.1.7.RELEASE/spring-aop-5.1.7.RELEASE.jar:/Users/zhuchao/.m2/repository/org/aspectj/aspectjweaver/1.9.4/aspectjweaver-1.9.4.jar:/Users/zhuchao/.m2/repository/org/slf4j/slf4j-api/1.7.21/slf4j-api-1.7.21.jar:/Users/zhuchao/.m2/repository/org/slf4j/slf4j-log4j12/1.7.21/slf4j-log4j12-1.7.21.jar:/Users/zhuchao/.m2/repository/log4j/log4j/1.2.17/log4j-1.2.17.jar:/Users/zhuchao/.m2/repository/io/springfox/springfox-swagger2/2.4.0/springfox-swagger2-2.4.0.jar:/Users/zhuchao/.m2/repository/io/swagger/swagger-annotations/1.5.6/swagger-annotations-1.5.6.jar:/Users/zhuchao/.m2/repository/io/swagger/swagger-models/1.5.6/swagger-models-1.5.6.jar:/Users/zhuchao/.m2/repository/com/fasterxml/jackson/core/jackson-annotations/2.9.0/jackson-annotations-2.9.0.jar:/Users/zhuchao/.m2/repository/io/springfox/springfox-spi/2.4.0/springfox-spi-2.4.0.jar:/Users/zhuchao/.m2/repository/io/springfox/springfox-core/2.4.0/springfox-core-2.4.0.jar:/Users/zhuchao/.m2/repository/io/springfox/springfox-schema/2.4.0/springfox-schema-2.4.0.jar:/Users/zhuchao/.m2/repository/io/springfox/springfox-swagger-common/2.4.0/springfox-swagger-common-2.4.0.jar:/Users/zhuchao/.m2/repository/io/springfox/springfox-spring-web/2.4.0/springfox-spring-web-2.4.0.jar:/Users/zhuchao/.m2/repository/com/google/guava/guava/18.0/guava-18.0.jar:/Users/zhuchao/.m2/repository/com/fasterxml/classmate/1.4.0/classmate-1.4.0.jar:/Users/zhuchao/.m2/repository/org/springframework/plugin/spring-plugin-core/1.2.0.RELEASE/spring-plugin-core-1.2.0.RELEASE.jar:/Users/zhuchao/.m2/repository/org/springframework/plugin/spring-plugin-metadata/1.2.0.RELEASE/spring-plugin-metadata-1.2.0.RELEASE.jar:/Users/zhuchao/.m2/repository/io/springfox/springfox-swagger-ui/2.4.0/springfox-swagger-ui-2.4.0.jar:/Users/zhuchao/.m2/repository/com/github/xiaoymin/swagger-bootstrap-ui/1.6/swagger-bootstrap-ui-1.6.jar:/Users/zhuchao/.m2/repository/com/github/pagehelper/pagehelper-spring-boot-starter/1.2.12/pagehelper-spring-boot-starter-1.2.12.jar:/Users/zhuchao/.m2/repository/com/github/pagehelper/pagehelper-spring-boot-autoconfigure/1.2.12/pagehelper-spring-boot-autoconfigure-1.2.12.jar:/Users/zhuchao/.m2/repository/com/github/pagehelper/pagehelper/5.1.10/pagehelper-5.1.10.jar:/Users/zhuchao/.m2/repository/com/github/jsqlparser/jsqlparser/2.0/jsqlparser-2.0.jar:/Users/zhuchao/.m2/repository/mysql/mysql-connector-java/8.0.16/mysql-connector-java-8.0.16.jar:/Users/zhuchao/.m2/repository/org/mybatis/spring/boot/mybatis-spring-boot-starter/2.2.1/mybatis-spring-boot-starter-2.2.1.jar:/Users/zhuchao/.m2/repository/org/springframework/boot/spring-boot-starter-jdbc/2.1.5.RELEASE/spring-boot-starter-jdbc-2.1.5.RELEASE.jar:/Users/zhuchao/.m2/repository/com/zaxxer/HikariCP/3.2.0/HikariCP-3.2.0.jar:/Users/zhuchao/.m2/repository/org/springframework/spring-jdbc/5.1.7.RELEASE/spring-jdbc-5.1.7.RELEASE.jar:/Users/zhuchao/.m2/repository/org/mybatis/spring/boot/mybatis-spring-boot-autoconfigure/2.2.1/mybatis-spring-boot-autoconfigure-2.2.1.jar:/Users/zhuchao/.m2/repository/org/mybatis/mybatis/3.5.9/mybatis-3.5.9.jar:/Users/zhuchao/.m2/repository/org/mybatis/mybatis-spring/2.0.6/mybatis-spring-2.0.6.jar:/Users/zhuchao/.m2/repository/javax/persistence/persistence-api/1.0.2/persistence-api-1.0.2.jar:/Users/zhuchao/.m2/repository/tk/mybatis/mapper-spring-boot-starter/2.1.5/mapper-spring-boot-starter-2.1.5.jar:/Users/zhuchao/.m2/repository/tk/mybatis/mapper-core/1.1.5/mapper-core-1.1.5.jar:/Users/zhuchao/.m2/repository/tk/mybatis/mapper-base/1.1.5/mapper-base-1.1.5.jar:/Users/zhuchao/.m2/repository/tk/mybatis/mapper-weekend/1.1.5/mapper-weekend-1.1.5.jar:/Users/zhuchao/.m2/repository/tk/mybatis/mapper-spring/1.1.5/mapper-spring-1.1.5.jar:/Users/zhuchao/.m2/repository/tk/mybatis/mapper-extra/1.1.5/mapper-extra-1.1.5.jar:/Users/zhuchao/.m2/repository/tk/mybatis/mapper-spring-boot-autoconfigure/2.1.5/mapper-spring-boot-autoconfigure-2.1.5.jar:/Users/zhuchao/.m2/repository/org/springframework/boot/spring-boot-starter-data-redis/2.1.5.RELEASE/spring-boot-starter-data-redis-2.1.5.RELEASE.jar:/Users/zhuchao/.m2/repository/org/springframework/data/spring-data-redis/2.1.8.RELEASE/spring-data-redis-2.1.8.RELEASE.jar:/Users/zhuchao/.m2/repository/org/springframework/data/spring-data-keyvalue/2.1.8.RELEASE/spring-data-keyvalue-2.1.8.RELEASE.jar:/Users/zhuchao/.m2/repository/org/springframework/spring-oxm/5.1.7.RELEASE/spring-oxm-5.1.7.RELEASE.jar:/Users/zhuchao/.m2/repository/org/springframework/spring-context-support/5.1.7.RELEASE/spring-context-support-5.1.7.RELEASE.jar:/Users/zhuchao/.m2/repository/org/apache/shardingsphere/sharding-jdbc-spring-boot-starter/4.0.0/sharding-jdbc-spring-boot-starter-4.0.0.jar:/Users/zhuchao/.m2/repository/org/apache/shardingsphere/sharding-spring-boot-util/4.0.0/sharding-spring-boot-util-4.0.0.jar:/Users/zhuchao/.m2/repository/org/apache/shardingsphere/sharding-jdbc-core/4.0.0/sharding-jdbc-core-4.0.0.jar:/Users/zhuchao/.m2/repository/org/apache/shardingsphere/sharding-core-entry/4.0.0/sharding-core-entry-4.0.0.jar:/Users/zhuchao/.m2/repository/org/apache/shardingsphere/shardingsphere-sql-parser-sql92/4.0.0/shardingsphere-sql-parser-sql92-4.0.0.jar:/Users/zhuchao/.m2/repository/org/apache/shardingsphere/shardingsphere-sql-parser-mysql/4.0.0/shardingsphere-sql-parser-mysql-4.0.0.jar:/Users/zhuchao/.m2/repository/org/apache/shardingsphere/shardingsphere-sql-parser-postgresql/4.0.0/shardingsphere-sql-parser-postgresql-4.0.0.jar:/Users/zhuchao/.m2/repository/org/apache/shardingsphere/shardingsphere-sql-parser-oracle/4.0.0/shardingsphere-sql-parser-oracle-4.0.0.jar:/Users/zhuchao/.m2/repository/org/apache/shardingsphere/shardingsphere-sql-parser-sqlserver/4.0.0/shardingsphere-sql-parser-sqlserver-4.0.0.jar:/Users/zhuchao/.m2/repository/org/apache/shardingsphere/sharding-core-route/4.0.0/sharding-core-route-4.0.0.jar:/Users/zhuchao/.m2/repository/org/apache/shardingsphere/sharding-core-rewrite/4.0.0/sharding-core-rewrite-4.0.0.jar:/Users/zhuchao/.m2/repository/org/apache/shardingsphere/shardingsphere-rewrite-engine/4.0.0/shardingsphere-rewrite-engine-4.0.0.jar:/Users/zhuchao/.m2/repository/org/apache/shardingsphere/encrypt-core-rewrite/4.0.0/encrypt-core-rewrite-4.0.0.jar:/Users/zhuchao/.m2/repository/org/apache/shardingsphere/sharding-core-execute/4.0.0/sharding-core-execute-4.0.0.jar:/Users/zhuchao/.m2/repository/org/apache/shardingsphere/shardingsphere-execute/4.0.0/shardingsphere-execute-4.0.0.jar:/Users/zhuchao/.m2/repository/org/apache/shardingsphere/sharding-core-merge/4.0.0/sharding-core-merge-4.0.0.jar:/Users/zhuchao/.m2/repository/org/apache/shardingsphere/shardingsphere-merge/4.0.0/shardingsphere-merge-4.0.0.jar:/Users/zhuchao/.m2/repository/org/apache/shardingsphere/encrypt-core-merge/4.0.0/encrypt-core-merge-4.0.0.jar:/Users/zhuchao/.m2/repository/org/apache/shardingsphere/sharding-transaction-core/4.0.0/sharding-transaction-core-4.0.0.jar:/Users/zhuchao/.m2/repository/org/slf4j/jcl-over-slf4j/1.7.26/jcl-over-slf4j-1.7.26.jar:/Users/zhuchao/.m2/repository/org/apache/shardingsphere/sharding-core-common/4.0.0/sharding-core-common-4.0.0.jar:/Users/zhuchao/.m2/repository/org/apache/shardingsphere/shardingsphere-spi/4.0.0/shardingsphere-spi-4.0.0.jar:/Users/zhuchao/.m2/repository/org/apache/shardingsphere/shardingsphere-sql-parser-relation/4.0.0/shardingsphere-sql-parser-relation-4.0.0.jar:/Users/zhuchao/.m2/repository/org/apache/shardingsphere/shardingsphere-sql-parser-engine/4.0.0/shardingsphere-sql-parser-engine-4.0.0.jar:/Users/zhuchao/.m2/repository/org/apache/shardingsphere/shardingsphere-sql-parser-spi/4.0.0/shardingsphere-sql-parser-spi-4.0.0.jar:/Users/zhuchao/.m2/repository/org/antlr/antlr4-runtime/4.7.2/antlr4-runtime-4.7.2.jar:/Users/zhuchao/.m2/repository/org/apache/shardingsphere/sharding-core-api/4.0.0/sharding-core-api-4.0.0.jar:/Users/zhuchao/.m2/repository/org/codehaus/groovy/groovy/2.4.5/groovy-2.4.5-indy.jar:/Users/zhuchao/.m2/repository/commons-codec/commons-codec/1.11/commons-codec-1.11.jar:/Users/zhuchao/.m2/repository/org/springframework/kafka/spring-kafka/2.2.6.RELEASE/spring-kafka-2.2.6.RELEASE.jar:/Users/zhuchao/.m2/repository/org/springframework/spring-context/5.1.7.RELEASE/spring-context-5.1.7.RELEASE.jar:/Users/zhuchao/.m2/repository/org/springframework/spring-messaging/5.1.7.RELEASE/spring-messaging-5.1.7.RELEASE.jar:/Users/zhuchao/.m2/repository/org/springframework/spring-tx/5.1.7.RELEASE/spring-tx-5.1.7.RELEASE.jar:/Users/zhuchao/.m2/repository/org/springframework/retry/spring-retry/1.2.4.RELEASE/spring-retry-1.2.4.RELEASE.jar:/Users/zhuchao/.m2/repository/org/apache/kafka/kafka-clients/2.0.1/kafka-clients-2.0.1.jar:/Users/zhuchao/.m2/repository/org/lz4/lz4-java/1.4.1/lz4-java-1.4.1.jar:/Users/zhuchao/.m2/repository/org/xerial/snappy/snappy-java/1.1.7.1/snappy-java-1.1.7.1.jar:/Users/zhuchao/.m2/repository/com/google/code/gson/gson/2.8.5/gson-2.8.5.jar:/Users/zhuchao/.m2/repository/org/projectlombok/lombok/1.18.22/lombok-1.18.22.jar:/Users/zhuchao/.m2/repository/org/springframework/boot/spring-boot-starter-data-elasticsearch/2.1.5.RELEASE/spring-boot-starter-data-elasticsearch-2.1.5.RELEASE.jar:/Users/zhuchao/.m2/repository/org/springframework/data/spring-data-elasticsearch/3.1.8.RELEASE/spring-data-elasticsearch-3.1.8.RELEASE.jar:/Users/zhuchao/.m2/repository/org/springframework/data/spring-data-commons/2.1.8.RELEASE/spring-data-commons-2.1.8.RELEASE.jar:/Users/zhuchao/.m2/repository/joda-time/joda-time/2.10.2/joda-time-2.10.2.jar:/Users/zhuchao/.m2/repository/org/elasticsearch/client/transport/6.4.3/transport-6.4.3.jar:/Users/zhuchao/.m2/repository/org/elasticsearch/elasticsearch/6.4.3/elasticsearch-6.4.3.jar:/Users/zhuchao/.m2/repository/org/elasticsearch/elasticsearch-core/6.4.3/elasticsearch-core-6.4.3.jar:/Users/zhuchao/.m2/repository/org/elasticsearch/elasticsearch-secure-sm/6.4.3/elasticsearch-secure-sm-6.4.3.jar:/Users/zhuchao/.m2/repository/org/elasticsearch/elasticsearch-x-content/6.4.3/elasticsearch-x-content-6.4.3.jar:/Users/zhuchao/.m2/repository/com/fasterxml/jackson/dataformat/jackson-dataformat-smile/2.9.8/jackson-dataformat-smile-2.9.8.jar:/Users/zhuchao/.m2/repository/com/fasterxml/jackson/dataformat/jackson-dataformat-yaml/2.9.8/jackson-dataformat-yaml-2.9.8.jar:/Users/zhuchao/.m2/repository/com/fasterxml/jackson/dataformat/jackson-dataformat-cbor/2.9.8/jackson-dataformat-cbor-2.9.8.jar:/Users/zhuchao/.m2/repository/org/apache/lucene/lucene-core/7.4.0/lucene-core-7.4.0.jar:/Users/zhuchao/.m2/repository/org/apache/lucene/lucene-analyzers-common/7.4.0/lucene-analyzers-common-7.4.0.jar:/Users/zhuchao/.m2/repository/org/apache/lucene/lucene-backward-codecs/7.4.0/lucene-backward-codecs-7.4.0.jar:/Users/zhuchao/.m2/repository/org/apache/lucene/lucene-grouping/7.4.0/lucene-grouping-7.4.0.jar:/Users/zhuchao/.m2/repository/org/apache/lucene/lucene-highlighter/7.4.0/lucene-highlighter-7.4.0.jar:/Users/zhuchao/.m2/repository/org/apache/lucene/lucene-join/7.4.0/lucene-join-7.4.0.jar:/Users/zhuchao/.m2/repository/org/apache/lucene/lucene-memory/7.4.0/lucene-memory-7.4.0.jar:/Users/zhuchao/.m2/repository/org/apache/lucene/lucene-misc/7.4.0/lucene-misc-7.4.0.jar:/Users/zhuchao/.m2/repository/org/apache/lucene/lucene-queries/7.4.0/lucene-queries-7.4.0.jar:/Users/zhuchao/.m2/repository/org/apache/lucene/lucene-queryparser/7.4.0/lucene-queryparser-7.4.0.jar:/Users/zhuchao/.m2/repository/org/apache/lucene/lucene-sandbox/7.4.0/lucene-sandbox-7.4.0.jar:/Users/zhuchao/.m2/repository/org/apache/lucene/lucene-spatial/7.4.0/lucene-spatial-7.4.0.jar:/Users/zhuchao/.m2/repository/org/apache/lucene/lucene-spatial-extras/7.4.0/lucene-spatial-extras-7.4.0.jar:/Users/zhuchao/.m2/repository/org/apache/lucene/lucene-spatial3d/7.4.0/lucene-spatial3d-7.4.0.jar:/Users/zhuchao/.m2/repository/org/apache/lucene/lucene-suggest/7.4.0/lucene-suggest-7.4.0.jar:/Users/zhuchao/.m2/repository/org/elasticsearch/elasticsearch-cli/6.4.3/elasticsearch-cli-6.4.3.jar:/Users/zhuchao/.m2/repository/net/sf/jopt-simple/jopt-simple/5.0.2/jopt-simple-5.0.2.jar:/Users/zhuchao/.m2/repository/com/carrotsearch/hppc/0.7.1/hppc-0.7.1.jar:/Users/zhuchao/.m2/repository/com/tdunning/t-digest/3.2/t-digest-3.2.jar:/Users/zhuchao/.m2/repository/org/hdrhistogram/HdrHistogram/2.1.9/HdrHistogram-2.1.9.jar:/Users/zhuchao/.m2/repository/org/apache/logging/log4j/log4j-api/2.11.2/log4j-api-2.11.2.jar:/Users/zhuchao/.m2/repository/org/elasticsearch/jna/4.5.1/jna-4.5.1.jar:/Users/zhuchao/.m2/repository/org/elasticsearch/plugin/reindex-client/6.4.3/reindex-client-6.4.3.jar:/Users/zhuchao/.m2/repository/org/elasticsearch/client/elasticsearch-rest-client/6.4.3/elasticsearch-rest-client-6.4.3.jar:/Users/zhuchao/.m2/repository/org/apache/httpcomponents/httpclient/4.5.8/httpclient-4.5.8.jar:/Users/zhuchao/.m2/repository/org/apache/httpcomponents/httpcore/4.4.11/httpcore-4.4.11.jar:/Users/zhuchao/.m2/repository/org/apache/httpcomponents/httpasyncclient/4.1.4/httpasyncclient-4.1.4.jar:/Users/zhuchao/.m2/repository/org/apache/httpcomponents/httpcore-nio/4.4.11/httpcore-nio-4.4.11.jar:/Users/zhuchao/.m2/repository/org/elasticsearch/plugin/lang-mustache-client/6.4.3/lang-mustache-client-6.4.3.jar:/Users/zhuchao/.m2/repository/com/github/spullara/mustache/java/compiler/0.9.3/compiler-0.9.3.jar:/Users/zhuchao/.m2/repository/org/elasticsearch/plugin/percolator-client/6.4.3/percolator-client-6.4.3.jar:/Users/zhuchao/.m2/repository/org/elasticsearch/plugin/parent-join-client/6.4.3/parent-join-client-6.4.3.jar:/Users/zhuchao/.m2/repository/org/elasticsearch/plugin/rank-eval-client/6.4.3/rank-eval-client-6.4.3.jar:/Users/zhuchao/.m2/repository/com/fasterxml/jackson/core/jackson-core/2.9.8/jackson-core-2.9.8.jar:/Users/zhuchao/.m2/repository/org/elasticsearch/plugin/transport-netty4-client/6.4.3/transport-netty4-client-6.4.3.jar:/Users/zhuchao/.m2/repository/io/netty/netty-buffer/4.1.36.Final/netty-buffer-4.1.36.Final.jar:/Users/zhuchao/.m2/repository/io/netty/netty-codec/4.1.36.Final/netty-codec-4.1.36.Final.jar:/Users/zhuchao/.m2/repository/io/netty/netty-codec-http/4.1.36.Final/netty-codec-http-4.1.36.Final.jar:/Users/zhuchao/.m2/repository/io/netty/netty-common/4.1.36.Final/netty-common-4.1.36.Final.jar:/Users/zhuchao/.m2/repository/io/netty/netty-handler/4.1.36.Final/netty-handler-4.1.36.Final.jar:/Users/zhuchao/.m2/repository/io/netty/netty-resolver/4.1.36.Final/netty-resolver-4.1.36.Final.jar:/Users/zhuchao/.m2/repository/io/netty/netty-transport/4.1.36.Final/netty-transport-4.1.36.Final.jar:/Users/zhuchao/.m2/repository/com/ctrip/framework/apollo/apollo-client/1.3.0/apollo-client-1.3.0.jar:/Users/zhuchao/.m2/repository/com/ctrip/framework/apollo/apollo-core/1.3.0/apollo-core-1.3.0.jar:/Users/zhuchao/.m2/repository/com/google/inject/guice/4.1.0/guice-4.1.0.jar:/Users/zhuchao/.m2/repository/javax/inject/javax.inject/1/javax.inject-1.jar:/Users/zhuchao/.m2/repository/aopalliance/aopalliance/1.0/aopalliance-1.0.jar:/Users/zhuchao/.m2/repository/org/apache/rocketmq/rocketmq-client/4.3.0/rocketmq-client-4.3.0.jar:/Users/zhuchao/.m2/repository/org/apache/rocketmq/rocketmq-common/4.3.0/rocketmq-common-4.3.0.jar:/Users/zhuchao/.m2/repository/org/apache/rocketmq/rocketmq-remoting/4.3.0/rocketmq-remoting-4.3.0.jar:/Users/zhuchao/.m2/repository/com/alibaba/fastjson/1.2.29/fastjson-1.2.29.jar:/Users/zhuchao/.m2/repository/org/apache/rocketmq/rocketmq-logging/4.3.0/rocketmq-logging-4.3.0.jar:/Users/zhuchao/.m2/repository/io/netty/netty-tcnative-boringssl-static/2.0.25.Final/netty-tcnative-boringssl-static-2.0.25.Final.jar:/Users/zhuchao/.m2/repository/org/apache/commons/commons-lang3/3.8.1/commons-lang3-3.8.1.jar:/Users/zhuchao/.m2/repository/com/xuxueli/xxl-job-core/2.3.1-SNAPSHOT/xxl-job-core-2.3.1-SNAPSHOT.jar:/Users/zhuchao/.m2/repository/io/netty/netty-all/4.1.36.Final/netty-all-4.1.36.Final.jar:/Users/zhuchao/.m2/repository/org/codehaus/groovy/groovy/2.5.7/groovy-2.5.7.jar:/Users/zhuchao/.m2/repository/org/apache/poi/poi/3.16/poi-3.16.jar:/Users/zhuchao/.m2/repository/org/apache/commons/commons-collections4/4.1/commons-collections4-4.1.jar:/Users/zhuchao/.m2/repository/org/apache/poi/poi-ooxml/3.16/poi-ooxml-3.16.jar:/Users/zhuchao/.m2/repository/org/apache/poi/poi-ooxml-schemas/3.16/poi-ooxml-schemas-3.16.jar:/Users/zhuchao/.m2/repository/org/apache/xmlbeans/xmlbeans/2.6.0/xmlbeans-2.6.0.jar:/Users/zhuchao/.m2/repository/stax/stax-api/1.0.1/stax-api-1.0.1.jar:/Users/zhuchao/.m2/repository/com/github/virtuald/curvesapi/1.04/curvesapi-1.04.jar:/Users/zhuchao/.m2/repository/io/github/openfeign/feign-jaxb/11.8/feign-jaxb-11.8.jar:/Users/zhuchao/.m2/repository/io/github/openfeign/feign-core/11.8/feign-core-11.8.jar:/Users/zhuchao/.m2/repository/com/belerweb/pinyin4j/2.5.1/pinyin4j-2.5.1.jar:/Users/zhuchao/.m2/repository/redis/clients/jedis/2.9.3/jedis-2.9.3.jar:/Users/zhuchao/.m2/repository/org/apache/commons/commons-pool2/2.6.2/commons-pool2-2.6.2.jar:"/>
    <property name="sun.cpu.endian" value="little"/>
    <property name="user.home" value="/Users/zhuchao"/>
    <property name="user.language" value="zh"/>
    <property name="java.specification.vendor" value="Oracle Corporation"/>
    <property name="java.home" value="/Library/Java/JavaVirtualMachines/jdk1.8.0_181.jdk/Contents/Home/jre"/>
    <property name="basedir" value="/Users/zhuchao/demo-projects/example-proj02/example-api"/>
    <property name="file.separator" value="/"/>
    <property name="line.separator" value="&#10;"/>
    <property name="java.vm.specification.vendor" value="Oracle Corporation"/>
    <property name="java.specification.name" value="Java Platform API Specification"/>
    <property name="java.awt.graphicsenv" value="sun.awt.CGraphicsEnvironment"/>
    <property name="surefire.real.class.path" value="/Users/zhuchao/demo-projects/example-proj02/example-api/target/surefire/surefirebooter7526459413199830809.jar"/>
    <property name="sun.boot.class.path" value="/Library/Java/JavaVirtualMachines/jdk1.8.0_181.jdk/Contents/Home/jre/lib/resources.jar:/Library/Java/JavaVirtualMachines/jdk1.8.0_181.jdk/Contents/Home/jre/lib/rt.jar:/Library/Java/JavaVirtualMachines/jdk1.8.0_181.jdk/Contents/Home/jre/lib/sunrsasign.jar:/Library/Java/JavaVirtualMachines/jdk1.8.0_181.jdk/Contents/Home/jre/lib/jsse.jar:/Library/Java/JavaVirtualMachines/jdk1.8.0_181.jdk/Contents/Home/jre/lib/jce.jar:/Library/Java/JavaVirtualMachines/jdk1.8.0_181.jdk/Contents/Home/jre/lib/charsets.jar:/Library/Java/JavaVirtualMachines/jdk1.8.0_181.jdk/Contents/Home/jre/lib/jfr.jar:/Library/Java/JavaVirtualMachines/jdk1.8.0_181.jdk/Contents/Home/jre/classes"/>
    <property name="sun.management.compiler" value="HotSpot 64-Bit Tiered Compilers"/>
    <property name="java.runtime.version" value="1.8.0_181-b13"/>
    <property name="user.name" value="zhuchao"/>
    <property name="path.separator" value=":"/>
    <property name="os.version" value="10.15.5"/>
    <property name="java.endorsed.dirs" value="/Library/Java/JavaVirtualMachines/jdk1.8.0_181.jdk/Contents/Home/jre/lib/endorsed"/>
    <property name="java.runtime.name" value="Java(TM) SE Runtime Environment"/>
    <property name="file.encoding" value="UTF-8"/>
    <property name="java.vm.name" value="Java HotSpot(TM) 64-Bit Server VM"/>
    <property name="localRepository" value="/Users/zhuchao/.m2/repository"/>
    <property name="java.vendor.url.bug" value="http://bugreport.sun.com/bugreport/"/>
    <property name="java.io.tmpdir" value="/var/folders/8b/xywsn8zd1jv5bgf85_mnfj6m0000gn/T/"/>
    <property name="java.version" value="1.8.0_181"/>
    <property name="user.dir" value="/Users/zhuchao/demo-projects/example-proj02/example-api"/>
    <property name="os.arch" value="x86_64"/>
    <property name="java.vm.specification.name" value="Java Virtual Machine Specification"/>
    <property name="java.awt.printerjob" value="sun.lwawt.macosx.CPrinterJob"/>
    <property name="sun.os.patch.level" value="unknown"/>
    <property name="java.library.path" value="/Users/zhuchao/Library/Java/Extensions:/Library/Java/Extensions:/Network/Library/Java/Extensions:/System/Library/Java/Extensions:/usr/lib/java:."/>
    <property name="java.vm.info" value="mixed mode"/>
    <property name="java.vendor" value="Oracle Corporation"/>
    <property name="java.vm.version" value="25.181-b13"/>
    <property name="java.ext.dirs" value="/Users/zhuchao/Library/Java/Extensions:/Library/Java/JavaVirtualMachines/jdk1.8.0_181.jdk/Contents/Home/jre/lib/ext:/Library/Java/Extensions:/Network/Library/Java/Extensions:/System/Library/Java/Extensions:/usr/lib/java"/>
    <property name="sun.io.unicode.encoding" value="UnicodeBig"/>
    <property name="java.class.version" value="52.0"/>
  </properties>
  <testcase name="testOne" classname="com.example.test.RedisTest" time="0.275">
    <error message="NOAUTH Authentication required." type="redis.clients.jedis.exceptions.JedisDataException">redis.clients.jedis.exceptions.JedisDataException: NOAUTH Authentication required.
	at com.example.test.RedisTest.testOne(RedisTest.java:30)
</error>
    <system-out><![CDATA[
  .   ____          _            __ _ _
 /\\ / ___'_ __ _ _(_)_ __  __ _ \ \ \ \
( ( )\___ | '_ | '_| | '_ \/ _` | \ \ \ \
 \\/  ___)| |_)| | | | | || (_| |  ) ) ) )
  '  |____| .__|_| |_|_| |_\__, | / / / /
 =========|_|==============|___/=/_/_/_/
 :: Spring Boot ::        (v2.1.5.RELEASE)

INFO  RepositoryConfigurationDelegate:244 - Multiple Spring Data modules found, entering strict repository configuration mode!
INFO  RepositoryConfigurationDelegate:126 - Bootstrapping Spring Data repositories in DEFAULT mode.
INFO  RepositoryConfigurationDelegate:182 - Finished Spring Data repository scanning in 36ms. Found 0 repository interfaces.
INFO  RepositoryConfigurationDelegate:244 - Multiple Spring Data modules found, entering strict repository configuration mode!
INFO  RepositoryConfigurationDelegate:126 - Bootstrapping Spring Data repositories in DEFAULT mode.
INFO  RepositoryConfigurationDelegate:182 - Finished Spring Data repository scanning in 15ms. Found 0 repository interfaces.
WARN  ClassPathMapperScanner:44 - Skipping MapperFactoryBean with name 'userMapper' and 'com.example.mapper.UserMapper' mapperInterface. Bean already defined with the same name!
WARN  ClassPathMapperScanner:44 - No MyBatis mapper was found in '[com.example]' package. Please check your configuration.
Logging initialized using 'class org.apache.ibatis.logging.stdout.StdOutImpl' adapter.
INFO  HikariDataSource:110 - HikariPool-1 - Starting...
INFO  HikariDataSource:123 - HikariPool-1 - Start completed.
INFO  HikariDataSource:110 - HikariPool-2 - Starting...
INFO  HikariDataSource:123 - HikariPool-2 - Start completed.
INFO  HikariDataSource:110 - HikariPool-3 - Starting...
INFO  HikariDataSource:123 - HikariPool-3 - Start completed.
INFO  ConfigurationLogger:134 - ShardingRuleConfiguration
defaultDataSourceName: ds-direct
defaultDatabaseStrategy:
  inline:
    algorithmExpression: ds-master-$->{id % 2}
    shardingColumn: id
tables:
  test_user:
    actualDataNodes: ds-master-$->{0..1}.test_user_$->{0..1}
    keyGenerator:
      column: id
      type: SNOWFLAKE
    logicTable: test_user
    tableStrategy:
      inline:
        algorithmExpression: test_user_$->{id % 2}
        shardingColumn: id

INFO  ConfigurationLogger:134 - Properties
sql.show: 'true'

Parsed mapper file: 'class path resource [mapper/ItemsParamMapper.xml]'
Parsed mapper file: 'class path resource [mapper/UsersMapper.xml]'
Parsed mapper file: 'class path resource [mapper/StuMapper.xml]'
Parsed mapper file: 'class path resource [mapper/ItemsMapper.xml]'
Parsed mapper file: 'class path resource [mapper/OrderStatusMapper.xml]'
Parsed mapper file: 'class path resource [mapper/CarouselMapper.xml]'
Parsed mapper file: 'class path resource [mapper/UserAddressMapper.xml]'
Parsed mapper file: 'class path resource [mapper/OrdersMapper.xml]'
Parsed mapper file: 'class path resource [mapper/ItemsImgMapper.xml]'
Parsed mapper file: 'class path resource [mapper/ItemsSpecMapper.xml]'
Parsed mapper file: 'class path resource [mapper/ItemsCommentsMapper.xml]'
Parsed mapper file: 'class path resource [mapper/OrderItemsMapper.xml]'
Parsed mapper file: 'class path resource [mapper/CategoryMapper.xml]'
消费者 启动成功=======
INFO  RocketmqRemoting:95 - closeChannel: close the connection to remote address[] result: true
INFO  RocketmqRemoting:95 - closeChannel: close the connection to remote address[] result: true
INFO  RocketmqRemoting:95 - closeChannel: close the connection to remote address[] result: true
INFO  RocketmqRemoting:95 - closeChannel: close the connection to remote address[] result: true
INFO  RocketmqRemoting:95 - closeChannel: close the connection to remote address[] result: true
INFO  RocketmqRemoting:95 - closeChannel: close the connection to remote address[] result: true
INFO  MapperCacheDisabler:60 - Clear tk.mybatis.mapper.util.MsUtil CLASS_CACHE cache.
INFO  MapperCacheDisabler:60 - Clear tk.mybatis.mapper.genid.GenIdUtil CACHE cache.
INFO  MapperCacheDisabler:60 - Clear tk.mybatis.mapper.version.VersionUtil CACHE cache.
INFO  MapperCacheDisabler:83 - Clear EntityHelper entityTableMap cache.
Logging initialized using 'class org.apache.ibatis.logging.stdout.StdOutImpl' adapter.
before
after
]]></system-out>
    <system-err><![CDATA[ERROR StatusLogger Log4j2 could not find a logging implementation. Please add log4j-core to the classpath. Using SimpleLogger to log to the console...
]]></system-err>
  </testcase>
  <testcase name="testTwo" classname="com.example.test.RedisTest" time="0.005"/>
</testsuite>